INFO:root:Ассистент инициализирован
INFO:root:RUS language detected
INFO:root:Продобработанный текст: ['у ты ест нескольк минут чтоб поговор']
INFO:root:Вероятности интентов: [0.03071618 0.05723312 0.05858783 0.00573533 0.0929573  0.01420571
 0.74056453]
INFO:root:Вероятности субинтентов {'HELLO': 0.0, 'BYE': 0.0, 'THANKS': 0.0, 'INFO': 0.0, 'NAME': 0.125, 'HOWRU': 0.0, 'WHATNEW': 0.125, 'ADDRESS': 0.0, 'TIME': 0.0, 'CONTACTS': 0.0}
INFO:root:Cубинтент Моё имя - Мишель.
INFO:root:Ответ: Моё имя - Мишель.
INFO:root:Ассистент инициализирован
INFO:werkzeug: * Running on http://127.0.0.1:5000/ (Press CTRL+C to quit)
INFO:werkzeug:127.0.0.1 - - [19/Jan/2019 12:56:48] "[37mGET / HTTP/1.1[0m" 200 -
INFO:werkzeug:127.0.0.1 - - [19/Jan/2019 12:56:48] "[37mGET /static/style.css HTTP/1.1[0m" 200 -
INFO:werkzeug:127.0.0.1 - - [19/Jan/2019 12:56:49] "[33mGET /favicon.ico HTTP/1.1[0m" 404 -
INFO:root:RUS language detected
INFO:root:Продобработанный текст: ['привет']
INFO:root:Вероятности интентов: [0.02304453 0.02835328 0.10195243 0.02201863 0.02297272 0.8016584 ]
INFO:root:Вероятности субинтентов {'DOC': 0.0, 'COST': 0.0, 'DATES': 0.0, 'INFO': 0.0, 'ISSUE': 0.0}
INFO:root:fallback: Прааавильно к своему батюшке обращаешься.
INFO:root:Ответ: Прааавильно к своему батюшке обращаешься.
INFO:werkzeug:127.0.0.1 - - [19/Jan/2019 12:56:52] "[37mGET /get?msg=%D0%BF%D1%80%D0%B8%D0%B2%D0%B5%D1%82 HTTP/1.1[0m" 200 -
INFO:root:Ассистент инициализирован
INFO:werkzeug: * Running on http://127.0.0.1:5000/ (Press CTRL+C to quit)
INFO:werkzeug:127.0.0.1 - - [19/Jan/2019 13:06:20] "[37mGET / HTTP/1.1[0m" 200 -
INFO:werkzeug:127.0.0.1 - - [19/Jan/2019 13:06:20] "[36mGET /static/style.css HTTP/1.1[0m" 304 -
INFO:root:RUS language detected
INFO:root:Продобработанный текст: ['привет']
INFO:root:Вероятности интентов: [0.02304453 0.02835328 0.10195243 0.02201863 0.02297272 0.8016584 ]
INFO:root:Вероятности субинтентов {'HELLO': 0.25, 'BYE': 0.0, 'THANKS': 0.0, 'INFO': 0.0, 'NAME': 0.0, 'HOWRU': 0.0, 'WHATNEW': 0.0, 'ADDRESS': 0.0, 'TIME': 0.0, 'CONTACTS': 0.0}
INFO:root:Cубинтент Привет, как я могу Вам помочь?
INFO:root:Ответ: Привет, как я могу Вам помочь?
INFO:werkzeug:127.0.0.1 - - [19/Jan/2019 13:06:23] "[37mGET /get?msg=%D0%9F%D1%80%D0%B8%D0%B2%D0%B5%D1%82 HTTP/1.1[0m" 200 -
INFO:root:RUS language detected
INFO:root:Продобработанный текст: ['кто ректор пнип']
INFO:root:Вероятности интентов: [0.02101209 0.0520271  0.1028962  0.03724006 0.01888645 0.7679381 ]
INFO:root:Вероятности субинтентов {'HELLO': 0.0, 'BYE': 0.0, 'THANKS': 0.0, 'INFO': 0.0, 'NAME': 0.0, 'HOWRU': 0.0, 'WHATNEW': 0.0, 'ADDRESS': 0.0, 'TIME': 0.0, 'CONTACTS': 0.0}
INFO:root:fallback: Моя давнишняя знакомая...
INFO:root:Ответ: Моя давнишняя знакомая...
INFO:werkzeug:127.0.0.1 - - [19/Jan/2019 13:06:34] "[37mGET /get?msg=%D0%BA%D1%82%D0%BE%20%D1%80%D0%B5%D0%BA%D1%82%D0%BE%D1%80%20%D0%BF%D0%BD%D0%B8%D0%BF%D1%83 HTTP/1.1[0m" 200 -
INFO:root:RUS language detected
INFO:root:Продобработанный текст: ['где ты']
INFO:root:Вероятности интентов: [0.01337516 0.00415724 0.05666774 0.02161456 0.0070928  0.89709251]
INFO:root:Вероятности субинтентов {'HELLO': 0.0, 'BYE': 0.0, 'THANKS': 0.0, 'INFO': 0.0, 'NAME': 0.125, 'HOWRU': 0.0, 'WHATNEW': 0.0, 'ADDRESS': 0.125, 'TIME': 0.0, 'CONTACTS': 0.0}
INFO:root:Cубинтент Моё имя - Мишель.
INFO:root:Ответ: Моё имя - Мишель.
INFO:werkzeug:127.0.0.1 - - [19/Jan/2019 13:06:53] "[37mGET /get?msg=%D0%B3%D0%B4%D0%B5%20%D1%82%D1%8B HTTP/1.1[0m" 200 -
INFO:root:RUS language detected
INFO:root:Продобработанный текст: ['что дела']
INFO:root:Вероятности интентов: [0.07182548 0.02848202 0.20437069 0.0077626  0.02482219 0.66273701]
INFO:root:Вероятности субинтентов {'HELLO': 0.0, 'BYE': 0.0, 'THANKS': 0.0, 'INFO': 0.125, 'NAME': 0.0, 'HOWRU': 0.125, 'WHATNEW': 0.125, 'ADDRESS': 0.0, 'TIME': 0.0, 'CONTACTS': 0.0}
INFO:root:Cубинтент Я работаю в Пермском Политехе, где консультирую студентов и абитуриентов
INFO:root:Ответ: Я работаю в Пермском Политехе, где консультирую студентов и абитуриентов
INFO:werkzeug:127.0.0.1 - - [19/Jan/2019 13:07:06] "[37mGET /get?msg=%D1%87%D1%82%D0%BE%20%D0%B4%D0%B5%D0%BB%D0%B0%D0%B5%D1%88%D1%8C HTTP/1.1[0m" 200 -
INFO:root:RUS language detected
INFO:root:Продобработанный текст: ['сказа сво контакт']
INFO:root:Вероятности интентов: [0.01952036 0.04481505 0.12905641 0.05170045 0.03972092 0.71518681]
INFO:root:Вероятности субинтентов {'HELLO': 0.0, 'BYE': 0.0, 'THANKS': 0.0, 'INFO': 0.0, 'NAME': 0.0, 'HOWRU': 0.0, 'WHATNEW': 0.0, 'ADDRESS': 0.0, 'TIME': 0.0, 'CONTACTS': 0.125}
INFO:root:Cубинтент Я живу в городе Пермь.
INFO:root:Ответ: Я живу в городе Пермь.
INFO:werkzeug:127.0.0.1 - - [19/Jan/2019 13:07:16] "[37mGET /get?msg=%D1%81%D0%BA%D0%B0%D0%B6%D0%B8%20%D1%81%D0%B2%D0%BE%D0%B8%20%D0%BA%D0%BE%D0%BD%D1%82%D0%B0%D0%BA%D1%82%D1%8B HTTP/1.1[0m" 200 -
INFO:root:RUS language detected
INFO:root:Продобработанный текст: ['рассказа о себ']
INFO:root:Вероятности интентов: [0.02009212 0.02443833 0.10447865 0.01559049 0.05896459 0.77643582]
INFO:root:Вероятности субинтентов {'HELLO': 0.0, 'BYE': 0.0, 'THANKS': 0.0, 'INFO': 0.0, 'NAME': 0.0, 'HOWRU': 0.0, 'WHATNEW': 0.0, 'ADDRESS': 0.0, 'TIME': 0.0, 'CONTACTS': 0.125}
INFO:root:Cубинтент Я живу в городе Пермь.
INFO:root:Ответ: Я живу в городе Пермь.
INFO:werkzeug:127.0.0.1 - - [19/Jan/2019 13:07:26] "[37mGET /get?msg=%D1%80%D0%B0%D1%81%D1%81%D0%BA%D0%B0%D0%B6%D0%B8%20%D0%BE%20%D1%81%D0%B5%D0%B1%D0%B5 HTTP/1.1[0m" 200 -
INFO:root:RUS language detected
INFO:root:Продобработанный текст: ['где ты наход']
INFO:root:Вероятности интентов: [0.02000515 0.00325598 0.06602929 0.02285062 0.0104408  0.87741816]
INFO:root:Вероятности субинтентов {'HELLO': 0.0, 'BYE': 0.0, 'THANKS': 0.0, 'INFO': 0.0, 'NAME': 0.125, 'HOWRU': 0.0, 'WHATNEW': 0.0, 'ADDRESS': 0.125, 'TIME': 0.0, 'CONTACTS': 0.0}
INFO:root:Cубинтент Моё имя - Мишель.
INFO:root:Ответ: Моё имя - Мишель.
INFO:werkzeug:127.0.0.1 - - [19/Jan/2019 13:07:33] "[37mGET /get?msg=%D0%93%D0%B4%D0%B5%20%D1%82%D1%8B%20%D0%BD%D0%B0%D1%85%D0%BE%D0%B4%D0%B8%D1%88%D1%8C%D1%81%D1%8F HTTP/1.1[0m" 200 -
INFO:root:RUS language detected
INFO:root:Продобработанный текст: ['адрес главн корпус']
INFO:root:Вероятности интентов: [0.06396004 0.0165743  0.36456419 0.01094531 0.04604771 0.49790845]
INFO:root:fallback: Глазки выпадут
INFO:root:Ответ: Глазки выпадут
INFO:werkzeug:127.0.0.1 - - [19/Jan/2019 13:07:41] "[37mGET /get?msg=%D0%B0%D0%B4%D1%80%D0%B5%D1%81%20%D0%B3%D0%BB%D0%B0%D0%B2%D0%BD%D0%BE%D0%B3%D0%BE%20%D0%BA%D0%BE%D1%80%D0%BF%D1%83%D1%81%D0%B0 HTTP/1.1[0m" 200 -
INFO:root:RUS language detected
INFO:root:Продобработанный текст: ['адрес главн корпус']
INFO:root:Вероятности интентов: [0.06396004 0.0165743  0.36456419 0.01094531 0.04604771 0.49790845]
INFO:root:fallback: Казахи +
INFO:root:Ответ: Казахи +
INFO:werkzeug:127.0.0.1 - - [19/Jan/2019 13:07:43] "[37mGET /get?msg=%D0%B0%D0%B4%D1%80%D0%B5%D1%81%20%D0%B3%D0%BB%D0%B0%D0%B2%D0%BD%D0%BE%D0%B3%D0%BE%20%D0%BA%D0%BE%D1%80%D0%BF%D1%83%D1%81%D0%B0 HTTP/1.1[0m" 200 -
INFO:root:RUS language detected
INFO:root:Продобработанный текст: ['где располож комплекс']
INFO:root:Вероятности интентов: [0.03005325 0.02022327 0.18432001 0.03045007 0.02073621 0.71421719]
INFO:root:Вероятности субинтентов {'HELLO': 0.0, 'BYE': 0.0, 'THANKS': 0.0, 'INFO': 0.0, 'NAME': 0.0, 'HOWRU': 0.0, 'WHATNEW': 0.0, 'ADDRESS': 0.25, 'TIME': 0.0, 'CONTACTS': 0.0}
INFO:root:Cубинтент Главный корпус Политеха находится на Компросе 29
INFO:root:Ответ: Главный корпус Политеха находится на Компросе 29
INFO:werkzeug:127.0.0.1 - - [19/Jan/2019 13:07:58] "[37mGET /get?msg=%D0%B3%D0%B4%D0%B5%20%D1%80%D0%B0%D1%81%D0%BF%D0%BE%D0%BB%D0%BE%D0%B6%D0%B5%D0%BD%20%D0%BA%D0%BE%D0%BC%D0%BF%D0%BB%D0%B5%D0%BA%D1%81 HTTP/1.1[0m" 200 -
INFO:root:RUS language detected
INFO:root:Продобработанный текст: ['где располож политех']
INFO:root:Вероятности интентов: [0.06202395 0.0808565  0.13494943 0.02674881 0.01720558 0.67821573]
INFO:root:Вероятности субинтентов {'HELLO': 0.0, 'BYE': 0.0, 'THANKS': 0.0, 'INFO': 0.0, 'NAME': 0.0, 'HOWRU': 0.0, 'WHATNEW': 0.0, 'ADDRESS': 0.25, 'TIME': 0.0, 'CONTACTS': 0.0}
INFO:root:Cубинтент Главный корпус Политеха находится на Компросе 29
INFO:root:Ответ: Главный корпус Политеха находится на Компросе 29
INFO:werkzeug:127.0.0.1 - - [19/Jan/2019 13:08:19] "[37mGET /get?msg=%D0%B3%D0%B4%D0%B5%20%D1%80%D0%B0%D1%81%D0%BF%D0%BE%D0%BB%D0%BE%D0%B6%D0%B5%D0%BD%20%D0%BF%D0%BE%D0%BB%D0%B8%D1%82%D0%B5%D1%85 HTTP/1.1[0m" 200 -
INFO:root:RUS language detected
INFO:root:Продобработанный текст: ['привет как дел']
INFO:root:Вероятности интентов: [0.02238302 0.01874119 0.03665864 0.02176271 0.01317433 0.8872801 ]
INFO:root:Вероятности субинтентов {'HELLO': 0.25, 'BYE': 0.0, 'THANKS': 0.0, 'INFO': 0.125, 'NAME': 0.125, 'HOWRU': 0.25, 'WHATNEW': 0.0, 'ADDRESS': 0.125, 'TIME': 0.0, 'CONTACTS': 0.0}
INFO:root:Cубинтент Привет, как я могу Вам помочь?
INFO:root:Ответ: Привет, как я могу Вам помочь?
INFO:werkzeug:127.0.0.1 - - [19/Jan/2019 13:08:41] "[37mGET /get?msg=%D0%BF%D1%80%D0%B8%D0%B2%D0%B5%D1%82%2C%20%D0%BA%D0%B0%D0%BA%20%D0%B4%D0%B5%D0%BB%D0%B0 HTTP/1.1[0m" 200 -
INFO:root:RUS language detected
INFO:root:Продобработанный текст: ['как поступ в пнип']
INFO:root:Вероятности интентов: [0.0053086  0.41207909 0.05597018 0.06486999 0.0174144  0.44435775]
INFO:root:fallback: Папы
INFO:root:Ответ: Папы
INFO:werkzeug:127.0.0.1 - - [19/Jan/2019 13:08:49] "[37mGET /get?msg=%D0%BA%D0%B0%D0%BA%20%D0%BF%D0%BE%D1%81%D1%82%D1%83%D0%BF%D0%B8%D1%82%D1%8C%20%D0%B2%20%D0%BF%D0%BD%D0%B8%D0%BF%D1%83 HTTP/1.1[0m" 200 -
INFO:root:RUS language detected
INFO:root:Продобработанный текст: ['как поступ в политех']
INFO:root:Вероятности интентов: [0.02792394 0.66900037 0.15749434 0.0341085  0.02110705 0.0903658 ]
INFO:root:Вероятности субинтентов {'PRIV': 0.0, 'COST': 0.0, 'REENTER': 0.0, 'ENTER': 0.3333333333333333, 'BUDGET': 0.0, 'DATES': 0.0, 'EXAMS': 0.0, 'ISSUE': 0.0}
INFO:root:Cубинтент Поступить в политех очень просто, собирай документы (спроси меня какие), да приходи к нам!
INFO:root:Ответ: Поступить в политех очень просто, собирай документы (спроси меня какие), да приходи к нам!
INFO:werkzeug:127.0.0.1 - - [19/Jan/2019 13:08:55] "[37mGET /get?msg=%D0%BA%D0%B0%D0%BA%20%D0%BF%D0%BE%D1%81%D1%82%D1%83%D0%BF%D0%B8%D1%82%D1%8C%20%D0%B2%20%D0%BF%D0%BE%D0%BB%D0%B8%D1%82%D0%B5%D1%85 HTTP/1.1[0m" 200 -
INFO:root:RUS language detected
INFO:root:Продобработанный текст: ['как документ нужн']
INFO:root:Вероятности интентов: [0.91406363 0.00808382 0.05655836 0.00315615 0.01423466 0.00390338]
INFO:root:Вероятности субинтентов {'ONLINE': 0.0, 'WHAT': 0.2, 'WHERE': 0.0, 'DATES': 0.2, 'HOW': 0.1, 'ISSUE': 0.0}
INFO:root:Cубинтент Для поступления, понадобятся следующие документы: паспорт гражданина РФ, аттестат об окончании школы (или диплом о высшем/средне-специальном образовании), 2 фотографии и медицинская справка 086
INFO:root:Ответ: Для поступления, понадобятся следующие документы: паспорт гражданина РФ, аттестат об окончании школы (или диплом о высшем/средне-специальном образовании), 2 фотографии и медицинская справка 086
INFO:werkzeug:127.0.0.1 - - [19/Jan/2019 13:09:26] "[37mGET /get?msg=%D0%BA%D0%B0%D0%BA%D0%B8%D0%B5%20%D0%B4%D0%BE%D0%BA%D1%83%D0%BC%D0%B5%D0%BD%D1%82%D1%8B%20%D0%BD%D1%83%D0%B6%D0%BD%D1%8B HTTP/1.1[0m" 200 -
INFO:root:RUS language detected
INFO:root:Продобработанный текст: ['у вы ест общежит']
INFO:root:Вероятности интентов: [1.64691932e-03 8.86584597e-03 1.79055383e-02 4.61882009e-04
 9.60702438e-01 1.04173767e-02]
INFO:root:Вероятности субинтентов {'DOC': 0.0, 'COST': 0.0, 'DATES': 0.0, 'INFO': 0.0, 'ISSUE': 0.0}
INFO:root:fallback: У меня так друг умер...
INFO:root:Ответ: У меня так друг умер...
INFO:werkzeug:127.0.0.1 - - [19/Jan/2019 13:09:33] "[37mGET /get?msg=%D1%83%20%D0%B2%D0%B0%D1%81%20%D0%B5%D1%81%D1%82%D1%8C%20%D0%BE%D0%B1%D1%89%D0%B5%D0%B6%D0%B8%D1%82%D0%B8%D1%8F%3F HTTP/1.1[0m" 200 -
INFO:root:RUS language detected
INFO:root:Продобработанный текст: ['у вы ест отсрочк от арм']
INFO:root:Вероятности интентов: [0.01878767 0.06927601 0.83230753 0.01630464 0.02312414 0.04020001]
INFO:root:Вероятности субинтентов {'ACCRED': 0.0, 'ARMY': 0.2, 'OPEN_DOOR': 0.0, 'SPECIALITY': 0.0, 'SCHOLARSHIP': 0.0, 'PARALLEL STUDY': 0.0, 'CONTACT': 0.0, 'DISABILITIES': 0.0, 'WHEN': 0.0, 'HOW': 0.0, 'CONTRACT': 0.0, 'WORK_PRACTICE': 0.0, 'KICKED': 0.0, 'ENVIROMENT': 0.0, 'ENTRANCE': 0.0}
INFO:root:Cубинтент У нас, в политехе, нет военной кафедры, но зато мы, как аккредитованый ВУЗ, предоставляем отсрочку.
INFO:root:Ответ: У нас, в политехе, нет военной кафедры, но зато мы, как аккредитованый ВУЗ, предоставляем отсрочку.
INFO:werkzeug:127.0.0.1 - - [19/Jan/2019 13:10:19] "[37mGET /get?msg=%D1%83%20%D0%B2%D0%B0%D1%81%20%D0%B5%D1%81%D1%82%D1%8C%20%D0%BE%D1%82%D1%81%D1%80%D0%BE%D1%87%D0%BA%D0%B0%20%D0%BE%D1%82%20%D0%B0%D1%80%D0%BC%D0%B8%D0%B8 HTTP/1.1[0m" 200 -
INFO:root:RUS language detected
INFO:root:Продобработанный текст: ['когд быт известн список зачисл']
INFO:root:Вероятности интентов: [6.83096080e-04 8.23883492e-03 4.74648524e-02 9.30493315e-01
 6.42528648e-03 6.69461492e-03]
ERROR:flask.app:Exception on /get [GET]
Traceback (most recent call last):
  File "/home/alex/miniconda3/lib/python3.6/site-packages/flask/app.py", line 2292, in wsgi_app
    response = self.full_dispatch_request()
  File "/home/alex/miniconda3/lib/python3.6/site-packages/flask/app.py", line 1815, in full_dispatch_request
    rv = self.handle_user_exception(e)
  File "/home/alex/miniconda3/lib/python3.6/site-packages/flask/app.py", line 1718, in handle_user_exception
    reraise(exc_type, exc_value, tb)
  File "/home/alex/miniconda3/lib/python3.6/site-packages/flask/_compat.py", line 35, in reraise
    raise value
  File "/home/alex/miniconda3/lib/python3.6/site-packages/flask/app.py", line 1813, in full_dispatch_request
    rv = self.dispatch_request()
  File "/home/alex/miniconda3/lib/python3.6/site-packages/flask/app.py", line 1799, in dispatch_request
    return self.view_functions[rule.endpoint](**req.view_args)
  File "app.py", line 14, in get_bot_response
    return assistant.get_answer(userText)
  File "/home/alex/pstu_assistant/assistant/talkers.py", line 147, in get_answer
    answer = self.get_subintent(raw_text,str(preprocessed),intent,RUS)
  File "/home/alex/pstu_assistant/assistant/talkers.py", line 75, in get_subintent
    with open(join(PROJECT_PATH,"knowledge base/{0}/{1}.json").format(lang,intent)) as f:
FileNotFoundError: [Errno 2] No such file or directory: '/home/alex/pstu_assistant/knowledge base/ru/2.json'
INFO:werkzeug:127.0.0.1 - - [19/Jan/2019 13:12:02] "[1m[35mGET /get?msg=%D0%BA%D0%BE%D0%B3%D0%B4%D0%B0%20%D0%B1%D1%83%D0%B4%D0%B5%D1%82%20%D0%B8%D0%B7%D0%B2%D0%B5%D1%81%D1%82%D0%B5%D0%BD%20%D1%81%D0%BF%D0%B8%D1%81%D0%BE%D0%BA%20%D0%B7%D0%B0%D1%87%D0%B8%D1%81%D0%BB%D0%B5%D0%BD%D0%BD%D1%8B%D1%85%3F HTTP/1.1[0m" 500 -
INFO:root:RUS language detected
INFO:root:Продобработанный текст: ['где располож политех']
INFO:root:Вероятности интентов: [0.06202395 0.0808565  0.13494943 0.02674881 0.01720558 0.67821573]
INFO:root:Вероятности субинтентов {'HELLO': 0.0, 'BYE': 0.0, 'THANKS': 0.0, 'INFO': 0.0, 'NAME': 0.0, 'HOWRU': 0.0, 'WHATNEW': 0.0, 'ADDRESS': 0.25, 'TIME': 0.0, 'CONTACTS': 0.0}
INFO:root:Cубинтент Комплекс находится за камой.
INFO:root:Ответ: Комплекс находится за камой.
INFO:werkzeug:127.0.0.1 - - [19/Jan/2019 13:12:31] "[37mGET /get?msg=%D0%B3%D0%B4%D0%B5%20%D1%80%D0%B0%D1%81%D0%BF%D0%BE%D0%BB%D0%BE%D0%B6%D0%B5%D0%BD%20%D0%BF%D0%BE%D0%BB%D0%B8%D1%82%D0%B5%D1%85 HTTP/1.1[0m" 200 -
INFO:root:RUS language detected
INFO:root:Продобработанный текст: ['когд быт известн список зачисл']
INFO:root:Вероятности интентов: [6.83096080e-04 8.23883492e-03 4.74648524e-02 9.30493315e-01
 6.42528648e-03 6.69461492e-03]
ERROR:flask.app:Exception on /get [GET]
Traceback (most recent call last):
  File "/home/alex/miniconda3/lib/python3.6/site-packages/flask/app.py", line 2292, in wsgi_app
    response = self.full_dispatch_request()
  File "/home/alex/miniconda3/lib/python3.6/site-packages/flask/app.py", line 1815, in full_dispatch_request
    rv = self.handle_user_exception(e)
  File "/home/alex/miniconda3/lib/python3.6/site-packages/flask/app.py", line 1718, in handle_user_exception
    reraise(exc_type, exc_value, tb)
  File "/home/alex/miniconda3/lib/python3.6/site-packages/flask/_compat.py", line 35, in reraise
    raise value
  File "/home/alex/miniconda3/lib/python3.6/site-packages/flask/app.py", line 1813, in full_dispatch_request
    rv = self.dispatch_request()
  File "/home/alex/miniconda3/lib/python3.6/site-packages/flask/app.py", line 1799, in dispatch_request
    return self.view_functions[rule.endpoint](**req.view_args)
  File "app.py", line 14, in get_bot_response
    return assistant.get_answer(userText)
  File "/home/alex/pstu_assistant/assistant/talkers.py", line 147, in get_answer
    answer = self.get_subintent(raw_text,str(preprocessed),intent,RUS)
  File "/home/alex/pstu_assistant/assistant/talkers.py", line 75, in get_subintent
    with open(join(PROJECT_PATH,"knowledge base/{0}/{1}.json").format(lang,intent)) as f:
FileNotFoundError: [Errno 2] No such file or directory: '/home/alex/pstu_assistant/knowledge base/ru/2.json'
INFO:werkzeug:127.0.0.1 - - [19/Jan/2019 13:12:36] "[1m[35mGET /get?msg=%D0%BA%D0%BE%D0%B3%D0%B4%D0%B0%20%D0%B1%D1%83%D0%B4%D0%B5%D1%82%20%D0%B8%D0%B7%D0%B2%D0%B5%D1%81%D1%82%D0%B5%D0%BD%20%D1%81%D0%BF%D0%B8%D1%81%D0%BE%D0%BA%20%D0%B7%D0%B0%D1%87%D0%B8%D1%81%D0%BB%D0%B5%D0%BD%D0%BD%D1%8B%D1%85%3F HTTP/1.1[0m" 500 -
INFO:root:Ассистент инициализирован
INFO:werkzeug: * Running on http://127.0.0.1:5000/ (Press CTRL+C to quit)
INFO:werkzeug:127.0.0.1 - - [19/Jan/2019 13:15:20] "[37mGET / HTTP/1.1[0m" 200 -
INFO:werkzeug:127.0.0.1 - - [19/Jan/2019 13:15:20] "[36mGET /static/style.css HTTP/1.1[0m" 304 -
INFO:root:RUS language detected
INFO:root:Продобработанный текст: ['когд быт известн список зачисл']
INFO:root:Вероятности интентов: [6.83096080e-04 8.23883492e-03 4.74648524e-02 9.30493315e-01
 6.42528648e-03 6.69461492e-03]
ERROR:flask.app:Exception on /get [GET]
Traceback (most recent call last):
  File "/home/alex/miniconda3/lib/python3.6/site-packages/flask/app.py", line 2292, in wsgi_app
    response = self.full_dispatch_request()
  File "/home/alex/miniconda3/lib/python3.6/site-packages/flask/app.py", line 1815, in full_dispatch_request
    rv = self.handle_user_exception(e)
  File "/home/alex/miniconda3/lib/python3.6/site-packages/flask/app.py", line 1718, in handle_user_exception
    reraise(exc_type, exc_value, tb)
  File "/home/alex/miniconda3/lib/python3.6/site-packages/flask/_compat.py", line 35, in reraise
    raise value
  File "/home/alex/miniconda3/lib/python3.6/site-packages/flask/app.py", line 1813, in full_dispatch_request
    rv = self.dispatch_request()
  File "/home/alex/miniconda3/lib/python3.6/site-packages/flask/app.py", line 1799, in dispatch_request
    return self.view_functions[rule.endpoint](**req.view_args)
  File "app.py", line 14, in get_bot_response
    return assistant.get_answer(userText)
  File "/home/alex/pstu_assistant/assistant/talkers.py", line 148, in get_answer
    answer = self.get_subintent(raw_text,str(preprocessed),intent,RUS)
  File "/home/alex/pstu_assistant/assistant/talkers.py", line 76, in get_subintent
    with open(join(PROJECT_PATH,"knowledge base/{0}/{1}.json").format(lang,intent)) as f:
FileNotFoundError: [Errno 2] No such file or directory: '/home/alex/pstu_assistant/knowledge base/ru/2.json'
INFO:werkzeug:127.0.0.1 - - [19/Jan/2019 13:15:23] "[1m[35mGET /get?msg=%D0%BA%D0%BE%D0%B3%D0%B4%D0%B0%20%D0%B1%D1%83%D0%B4%D0%B5%D1%82%20%D0%B8%D0%B7%D0%B2%D0%B5%D1%81%D1%82%D0%B5%D0%BD%20%D1%81%D0%BF%D0%B8%D1%81%D0%BE%D0%BA%20%D0%B7%D0%B0%D1%87%D0%B8%D1%81%D0%BB%D0%B5%D0%BD%D0%BD%D1%8B%D1%85%3F HTTP/1.1[0m" 500 -
INFO:root:RUS language detected
INFO:root:Продобработанный текст: ['ты че сук']
INFO:root:Вероятности интентов: [0.01273177 0.00976874 0.01034785 0.01714931 0.00995394 0.9400484 ]
INFO:root:Вероятности субинтентов {'HELLO': 0.0, 'BYE': 0.0, 'THANKS': 0.0, 'INFO': 0.0, 'NAME': 0.125, 'HOWRU': 0.0, 'WHATNEW': 0.0, 'ADDRESS': 0.0, 'TIME': 0.0, 'CONTACTS': 0.0}
INFO:root:Cубинтент Моё имя - Мишель.
INFO:root:Ответ: Моё имя - Мишель.
INFO:werkzeug:127.0.0.1 - - [19/Jan/2019 13:15:40] "[37mGET /get?msg=%D1%82%D1%8B%20%D1%87%D0%B5%20%D1%81%D1%83%D0%BA%D0%B0 HTTP/1.1[0m" 200 -
INFO:root:RUS language detected
INFO:root:Продобработанный текст: ['я щас ебнут']
INFO:root:Вероятности интентов: [0.04716945 0.06136475 0.55515117 0.04541502 0.0411707  0.24972891]
INFO:root:fallback: 'Я' - последняя буква в алфавите.
INFO:root:Ответ: 'Я' - последняя буква в алфавите.
INFO:werkzeug:127.0.0.1 - - [19/Jan/2019 13:15:46] "[37mGET /get?msg=%D1%8F%20%D1%89%D0%B0%D1%81%20%D0%B5%D0%B1%D0%BD%D1%83 HTTP/1.1[0m" 200 -
INFO:root:Ассистент инициализирован
INFO:werkzeug: * Running on http://127.0.0.1:5000/ (Press CTRL+C to quit)
INFO:werkzeug:127.0.0.1 - - [19/Jan/2019 13:16:40] "[37mGET / HTTP/1.1[0m" 200 -
INFO:werkzeug:127.0.0.1 - - [19/Jan/2019 13:16:40] "[37mGET / HTTP/1.1[0m" 200 -
INFO:werkzeug:127.0.0.1 - - [19/Jan/2019 13:16:40] "[36mGET /static/style.css HTTP/1.1[0m" 304 -
INFO:root:RUS language detected
INFO:root:Продобработанный текст: ['когд быт известн список зачисл']
INFO:root:Вероятности интентов: [6.83096080e-04 8.23883492e-03 4.74648524e-02 9.30493315e-01
 6.42528648e-03 6.69461492e-03]
INFO:root:Вероятности субинтентов {'DATES': 0.0, 'WHERE': 0.14285714285714285, 'SCORE': 0.0, 'ISSUE': 0.0}
INFO:root:Cубинтент Все списки хранятся на нашем сайте: http://pstu.ru/enrollee/admission
INFO:root:Ответ: Все списки хранятся на нашем сайте: http://pstu.ru/enrollee/admission
INFO:werkzeug:127.0.0.1 - - [19/Jan/2019 13:16:43] "[37mGET /get?msg=%D0%BA%D0%BE%D0%B3%D0%B4%D0%B0%20%D0%B1%D1%83%D0%B4%D0%B5%D1%82%20%D0%B8%D0%B7%D0%B2%D0%B5%D1%81%D1%82%D0%B5%D0%BD%20%D1%81%D0%BF%D0%B8%D1%81%D0%BE%D0%BA%20%D0%B7%D0%B0%D1%87%D0%B8%D1%81%D0%BB%D0%B5%D0%BD%D0%BD%D1%8B%D1%85%3F HTTP/1.1[0m" 200 -
INFO:root:RUS language detected
INFO:root:Продобработанный текст: ['кайф']
INFO:root:Вероятности интентов: [0.04716945 0.06136475 0.55515117 0.04541502 0.0411707  0.24972891]
INFO:root:fallback: Да пытался уже! Что толку?
INFO:root:Ответ: Да пытался уже! Что толку?
INFO:werkzeug:127.0.0.1 - - [19/Jan/2019 13:16:47] "[37mGET /get?msg=%D0%BA%D0%B0%D0%B9%D1%84 HTTP/1.1[0m" 200 -
INFO:root:RUS language detected
INFO:root:Продобработанный текст: ['пок']
INFO:root:Вероятности интентов: [0.0302068  0.03617338 0.11334611 0.04594125 0.02459169 0.74974077]
INFO:root:Вероятности субинтентов {'HELLO': 0.0, 'BYE': 0.125, 'THANKS': 0.125, 'INFO': 0.0, 'NAME': 0.0, 'HOWRU': 0.0, 'WHATNEW': 0.0, 'ADDRESS': 0.0, 'TIME': 0.0, 'CONTACTS': 0.0}
INFO:root:Cубинтент Пока-пока!
INFO:root:Ответ: Пока-пока!
INFO:werkzeug:127.0.0.1 - - [19/Jan/2019 13:16:50] "[37mGET /get?msg=%D0%BF%D0%BE%D0%BA%D0%B0 HTTP/1.1[0m" 200 -
INFO:root:RUS language detected
INFO:root:Продобработанный текст: ['кто ректор пнип']
INFO:root:Вероятности интентов: [0.02101209 0.0520271  0.1028962  0.03724006 0.01888645 0.7679381 ]
INFO:root:Вероятности субинтентов {'HELLO': 0.0, 'BYE': 0.0, 'THANKS': 0.0, 'INFO': 0.0, 'NAME': 0.0, 'HOWRU': 0.0, 'WHATNEW': 0.0, 'ADDRESS': 0.0, 'TIME': 0.0, 'CONTACTS': 0.0}
INFO:root:fallback: Моя давнишняя знакомая...
INFO:root:Ответ: Моя давнишняя знакомая...
INFO:werkzeug:127.0.0.1 - - [19/Jan/2019 13:18:34] "[37mGET /get?msg=%D0%BA%D1%82%D0%BE%20%D1%80%D0%B5%D0%BA%D1%82%D0%BE%D1%80%20%D0%BF%D0%BD%D0%B8%D0%BF%D1%83 HTTP/1.1[0m" 200 -
INFO:root:RUS language detected
INFO:root:Продобработанный текст: ['как зват ректор']
INFO:root:Вероятности интентов: [0.04662777 0.04723207 0.29815751 0.03325465 0.03575367 0.53897434]
INFO:root:fallback: Прощай, а я отдохну ☺
INFO:root:Ответ: Прощай, а я отдохну ☺
INFO:werkzeug:127.0.0.1 - - [19/Jan/2019 13:18:44] "[37mGET /get?msg=%D0%BA%D0%B0%D0%BA%20%D0%B7%D0%BE%D0%B2%D1%83%D1%82%20%D1%80%D0%B5%D0%BA%D1%82%D0%BE%D1%80%D0%B0 HTTP/1.1[0m" 200 -
INFO:root:RUS language detected
INFO:root:Продобработанный текст: ['есл всег бюджетн мест а я на по оригина то я не попада на волн']
INFO:root:Вероятности интентов: [0.07128622 0.12788693 0.06431492 0.7288984  0.00638753 0.001226  ]
INFO:root:Вероятности субинтентов {'DATES': 0.0, 'WHERE': 0.0, 'SCORE': 0.14285714285714285, 'ISSUE': 0.0}
INFO:root:Cубинтент Вы задали самый популярный вопрос. Я не могу предсказать, какой проходной балл будет в этом году, но зато вы можете посмотреть информацию о прошлых годах тут: http://pstu.ru/enrollee/admission/results/
INFO:root:Ответ: Вы задали самый популярный вопрос. Я не могу предсказать, какой проходной балл будет в этом году, но зато вы можете посмотреть информацию о прошлых годах тут: http://pstu.ru/enrollee/admission/results/
INFO:werkzeug:127.0.0.1 - - [19/Jan/2019 13:19:13] "[37mGET /get?msg=%D0%95%D1%81%D0%BB%D0%B8%20%D0%B2%D1%81%D0%B5%D0%B3%D0%BE%2023%20%D0%B1%D1%8E%D0%B4%D0%B6%D0%B5%D1%82%D0%BD%D1%8B%D1%85%20%D0%BC%D0%B5%D1%81%D1%82%2C%20%D0%B0%20%D1%8F%20%D0%BD%D0%B0%2021%20(%D0%BF%D0%BE%20%D0%BE%D1%80%D0%B8%D0%B3%D0%B8%D0%BD%D0%B0%D0%BB%D0%BE%D0%BC)%2C%20%D1%82%D0%BE%20%D1%8F%20%D0%BD%D0%B5%20%D0%BF%D0%BE%D0%BF%D0%B0%D0%B4%D0%B0%D1%8E%20%D0%BD%D0%B0%201%20%D0%B2%D0%BE%D0%BB%D0%BD%D1%83%3F HTTP/1.1[0m" 200 -
INFO:root:RUS language detected
INFO:root:Продобработанный текст: ['адрес пнип']
INFO:root:Вероятности интентов: [0.10694675 0.02281675 0.10796943 0.01412229 0.0480137  0.70013107]
INFO:root:Вероятности субинтентов {'HELLO': 0.0, 'BYE': 0.0, 'THANKS': 0.0, 'INFO': 0.0, 'NAME': 0.0, 'HOWRU': 0.0, 'WHATNEW': 0.0, 'ADDRESS': 0.125, 'TIME': 0.0, 'CONTACTS': 0.0}
INFO:root:Cубинтент Главный корпус Политеха находится на Компросе 29
INFO:root:Ответ: Главный корпус Политеха находится на Компросе 29
INFO:werkzeug:127.0.0.1 - - [19/Jan/2019 13:19:44] "[37mGET /get?msg=%D0%B0%D0%B4%D1%80%D0%B5%D1%81%20%D0%BF%D0%BD%D0%B8%D0%BF%D1%83 HTTP/1.1[0m" 200 -
INFO:root:RUS language detected
INFO:root:Продобработанный текст: ['адрес комплекс']
INFO:root:Вероятности интентов: [0.11245973 0.01252606 0.24367204 0.00751581 0.04992658 0.57389978]
INFO:root:fallback: Слабенький...
INFO:root:Ответ: Слабенький...
INFO:werkzeug:127.0.0.1 - - [19/Jan/2019 13:19:48] "[37mGET /get?msg=%D0%B0%D0%B4%D1%80%D0%B5%D1%81%20%D0%BA%D0%BE%D0%BC%D0%BF%D0%BB%D0%B5%D0%BA%D1%81%D0%B0 HTTP/1.1[0m" 200 -
INFO:root:Ассистент инициализирован
INFO:werkzeug: * Running on http://127.0.0.1:5000/ (Press CTRL+C to quit)
INFO:werkzeug:127.0.0.1 - - [08/Feb/2019 21:08:01] "[37mGET / HTTP/1.1[0m" 200 -
INFO:werkzeug:127.0.0.1 - - [08/Feb/2019 21:08:01] "[37mGET /static/style.css HTTP/1.1[0m" 200 -
INFO:werkzeug:127.0.0.1 - - [08/Feb/2019 21:08:02] "[33mGET /favicon.ico HTTP/1.1[0m" 404 -
INFO:root:RUS language detected
INFO:root:Продобработанный текст: ['привет']
INFO:root:Вероятности интентов: [0.02304453 0.02835328 0.10195243 0.02201863 0.02297272 0.8016584 ]
INFO:root:Вероятности субинтентов {'HELLO': 0.25, 'BYE': 0.0, 'THANKS': 0.0, 'INFO': 0.0, 'NAME': 0.0, 'HOWRU': 0.0, 'WHATNEW': 0.0, 'ADDRESS': 0.0, 'TIME': 0.0, 'CONTACTS': 0.0, 'PARENTS': 0.0}
INFO:root:Cубинтент Доброго времени суток, чем обязана?
INFO:root:Ответ: Доброго времени суток, чем обязана?
INFO:werkzeug:127.0.0.1 - - [08/Feb/2019 21:08:04] "[37mGET /get?msg=%D0%9F%D1%80%D0%B8%D0%B2%D0%B5%D1%82 HTTP/1.1[0m" 200 -
INFO:root:RUS language detected
INFO:root:Продобработанный текст: ['адрес приемн комисс']
INFO:root:Вероятности интентов: [0.20602472 0.06715175 0.2232625  0.00559879 0.01866986 0.47929238]
INFO:root:fallback: Казахи +
INFO:root:Ответ: Казахи +
INFO:werkzeug:127.0.0.1 - - [08/Feb/2019 21:08:24] "[37mGET /get?msg=%D0%B0%D0%B4%D1%80%D0%B5%D1%81%20%D0%BF%D1%80%D0%B8%D0%B5%D0%BC%D0%BD%D0%BE%D0%B9%20%D0%BA%D0%BE%D0%BC%D0%B8%D1%81%D1%81%D0%B8%D0%B8 HTTP/1.1[0m" 200 -
INFO:root:RUS language detected
INFO:root:Продобработанный текст: ['где наход приемн комисс']
INFO:root:Вероятности интентов: [0.105899   0.0624262  0.32047066 0.01373247 0.0084424  0.48902927]
INFO:root:fallback: Навеки?
INFO:root:Ответ: Навеки?
INFO:werkzeug:127.0.0.1 - - [08/Feb/2019 21:08:46] "[37mGET /get?msg=%D0%B3%D0%B4%D0%B5%20%D0%BD%D0%B0%D1%85%D0%BE%D0%B4%D0%B8%D1%82%D1%81%D1%8F%20%D0%BF%D1%80%D0%B8%D0%B5%D0%BC%D0%BD%D0%B0%D1%8F%20%D0%BA%D0%BE%D0%BC%D0%B8%D1%81%D1%81%D0%B8%D1%8F HTTP/1.1[0m" 200 -
INFO:root:RUS language detected
INFO:root:Продобработанный текст: ['адрес пнип']
INFO:root:Вероятности интентов: [0.10694675 0.02281675 0.10796943 0.01412229 0.0480137  0.70013107]
INFO:root:Вероятности субинтентов {'HELLO': 0.0, 'BYE': 0.0, 'THANKS': 0.0, 'INFO': 0.0, 'NAME': 0.0, 'HOWRU': 0.0, 'WHATNEW': 0.0, 'ADDRESS': 0.125, 'TIME': 0.0, 'CONTACTS': 0.0, 'PARENTS': 0.0}
INFO:root:Cубинтент Комплекс находится за камой.
INFO:root:Ответ: Комплекс находится за камой.
INFO:werkzeug:127.0.0.1 - - [08/Feb/2019 21:08:50] "[37mGET /get?msg=%D0%B0%D0%B4%D1%80%D0%B5%D1%81%20%D0%BF%D0%BD%D0%B8%D0%BF%D1%83 HTTP/1.1[0m" 200 -
INFO:root:RUS language detected
INFO:root:Продобработанный текст: ['где наход приемн комисс']
INFO:root:Вероятности интентов: [0.105899   0.0624262  0.32047066 0.01373247 0.0084424  0.48902927]
INFO:root:fallback: Навеки?
INFO:root:Ответ: Навеки?
INFO:werkzeug:127.0.0.1 - - [08/Feb/2019 21:15:27] "[37mGET /get?msg=%D0%B3%D0%B4%D0%B5%20%D0%BD%D0%B0%D1%85%D0%BE%D0%B4%D0%B8%D1%82%D1%81%D1%8F%20%D0%BF%D1%80%D0%B8%D0%B5%D0%BC%D0%BD%D0%B0%D1%8F%20%D0%BA%D0%BE%D0%BC%D0%B8%D1%81%D1%81%D0%B8%D1%8F HTTP/1.1[0m" 200 -
INFO:werkzeug:127.0.0.1 - - [08/Feb/2019 21:19:15] "[37mGET / HTTP/1.1[0m" 200 -
INFO:werkzeug:127.0.0.1 - - [08/Feb/2019 21:19:15] "[36mGET /static/style.css HTTP/1.1[0m" 304 -
INFO:root:Ассистент инициализирован
INFO:werkzeug: * Running on http://127.0.0.1:5000/ (Press CTRL+C to quit)
INFO:werkzeug:127.0.0.1 - - [08/Feb/2019 21:19:31] "[37mGET / HTTP/1.1[0m" 200 -
INFO:werkzeug:127.0.0.1 - - [08/Feb/2019 21:19:31] "[36mGET /static/style.css HTTP/1.1[0m" 304 -
INFO:root:RUS language detected
INFO:root:Продобработанный текст: ['привет']
INFO:root:Вероятности интентов: [0.02204219 0.02791238 0.10159109 0.02198084 0.02263232 0.80384117]
INFO:root:Вероятности субинтентов {'HELLO': 0.25, 'BYE': 0.0, 'THANKS': 0.0, 'INFO': 0.0, 'NAME': 0.0, 'HOWRU': 0.0, 'WHATNEW': 0.0, 'ADDRESS': 0.0, 'COMISSION_ADDRESS': 0.0, 'TIME': 0.0, 'CONTACTS': 0.0, 'PARENTS': 0.0}
INFO:root:Cубинтент Доброго времени суток, чем обязана?
INFO:root:Ответ: Доброго времени суток, чем обязана?
INFO:werkzeug:127.0.0.1 - - [08/Feb/2019 21:19:35] "[37mGET /get?msg=%D0%BF%D1%80%D0%B8%D0%B2%D0%B5%D1%82 HTTP/1.1[0m" 200 -
INFO:root:RUS language detected
INFO:root:Продобработанный текст: ['где наход приемн комисс']
INFO:root:Вероятности интентов: [0.08503862 0.05045846 0.29197088 0.01271406 0.00814029 0.55167769]
INFO:root:fallback: Ответов
INFO:root:Ответ: Ответов
INFO:werkzeug:127.0.0.1 - - [08/Feb/2019 21:19:41] "[37mGET /get?msg=%D0%B3%D0%B4%D0%B5%20%D0%BD%D0%B0%D1%85%D0%BE%D0%B4%D0%B8%D1%82%D1%81%D1%8F%20%D0%BF%D1%80%D0%B8%D0%B5%D0%BC%D0%BD%D0%B0%D1%8F%20%D0%BA%D0%BE%D0%BC%D0%B8%D1%81%D1%81%D0%B8%D1%8F%3F HTTP/1.1[0m" 200 -
INFO:root:RUS language detected
INFO:root:Продобработанный текст: ['адрес приемн комисс']
INFO:root:Вероятности интентов: [0.15534063 0.06154108 0.13270962 0.00591405 0.01419587 0.63029875]
INFO:root:Вероятности субинтентов {'HELLO': 0.0, 'BYE': 0.0, 'THANKS': 0.0, 'INFO': 0.0, 'NAME': 0.0, 'HOWRU': 0.0, 'WHATNEW': 0.0, 'ADDRESS': 0.125, 'COMISSION_ADDRESS': 0.375, 'TIME': 0.25, 'CONTACTS': 0.0, 'PARENTS': 0.0}
INFO:root:Cубинтент Приемная комиссия расположена в главном корпусе политеха (Комсомольский проспект 29).
INFO:root:Ответ: Приемная комиссия расположена в главном корпусе политеха (Комсомольский проспект 29).
INFO:werkzeug:127.0.0.1 - - [08/Feb/2019 21:19:51] "[37mGET /get?msg=%D0%B0%D0%B4%D1%80%D0%B5%D1%81%20%D0%BF%D1%80%D0%B8%D0%B5%D0%BC%D0%BD%D0%BE%D0%B9%20%D0%BA%D0%BE%D0%BC%D0%B8%D1%81%D1%81%D0%B8%D0%B8%3F HTTP/1.1[0m" 200 -
INFO:werkzeug:127.0.0.1 - - [08/Feb/2019 21:20:42] "[37mGET / HTTP/1.1[0m" 200 -
INFO:werkzeug:127.0.0.1 - - [08/Feb/2019 21:20:42] "[36mGET /static/style.css HTTP/1.1[0m" 304 -
INFO:root:Ассистент инициализирован
INFO:werkzeug: * Running on http://127.0.0.1:5000/ (Press CTRL+C to quit)
INFO:root:RUS language detected
INFO:root:Продобработанный текст: ['адрес приемн комисс']
INFO:root:Вероятности интентов: [0.15534063 0.06154108 0.13270962 0.00591405 0.01419587 0.63029875]
INFO:root:Вероятности субинтентов {'HELLO': 0.0, 'BYE': 0.0, 'THANKS': 0.0, 'INFO': 0.0, 'NAME': 0.0, 'HOWRU': 0.0, 'WHATNEW': 0.0, 'ADDRESS': 0.125, 'COMISSION_ADDRESS': 0.375, 'TIME': 0.25, 'CONTACTS': 0.0, 'PARENTS': 0.0}
INFO:root:Cубинтент Приемная комиссия находится на Компросе 29, в главном корпусе.
INFO:root:Ответ: Приемная комиссия находится на Компросе 29, в главном корпусе.
INFO:werkzeug:127.0.0.1 - - [08/Feb/2019 21:21:06] "[37mGET /get?msg=%D0%B0%D0%B4%D1%80%D0%B5%D1%81%20%D0%BF%D1%80%D0%B8%D0%B5%D0%BC%D0%BD%D0%BE%D0%B9%20%D0%BA%D0%BE%D0%BC%D0%B8%D1%81%D1%81%D0%B8%D0%B8 HTTP/1.1[0m" 200 -
INFO:root:RUS language detected
INFO:root:Продобработанный текст: ['где наход политех']
INFO:root:Вероятности интентов: [0.0686646  0.03462982 0.16587207 0.01397593 0.01545698 0.7014006 ]
INFO:root:Вероятности субинтентов {'HELLO': 0.0, 'BYE': 0.0, 'THANKS': 0.0, 'INFO': 0.0, 'NAME': 0.0, 'HOWRU': 0.0, 'WHATNEW': 0.0, 'ADDRESS': 0.25, 'COMISSION_ADDRESS': 0.125, 'TIME': 0.0, 'CONTACTS': 0.0, 'PARENTS': 0.0}
INFO:root:Cубинтент Комплекс находится за камой.
INFO:root:Ответ: Комплекс находится за камой.
INFO:werkzeug:127.0.0.1 - - [08/Feb/2019 21:21:18] "[37mGET /get?msg=%D0%B3%D0%B4%D0%B5%20%D0%BD%D0%B0%D1%85%D0%BE%D0%B4%D0%B8%D1%82%D1%81%D1%8F%20%D0%BF%D0%BE%D0%BB%D0%B8%D1%82%D0%B5%D1%85%3F HTTP/1.1[0m" 200 -
INFO:root:RUS language detected
INFO:root:Продобработанный текст: ['кайф']
INFO:root:Вероятности интентов: [0.04440143 0.06007275 0.55436595 0.04520022 0.04027642 0.25568323]
INFO:root:Вероятности субинтентов {'ACCRED': 0.0, 'ARMY': 0.0, 'OPEN_DOOR': 0.0, 'SPECIALITY': 0.0, 'SCHOLARSHIP': 0.0, 'PARALLEL STUDY': 0.0, 'CONTACT': 0.0, 'DISABILITIES': 0.0, 'WHEN': 0.0, 'HOW': 0.0, 'CONTRACT': 0.0, 'WORK_PRACTICE': 0.0, 'KICKED': 0.0, 'ENVIROMENT': 0.0, 'ENTRANCE': 0.0}
INFO:root:fallback: Нет за что, обращайся 😉
INFO:root:Ответ: Нет за что, обращайся 😉
INFO:werkzeug:127.0.0.1 - - [08/Feb/2019 21:21:21] "[37mGET /get?msg=%D0%BA%D0%B0%D0%B9%D1%84 HTTP/1.1[0m" 200 -
INFO:root:RUS language detected
INFO:root:Продобработанный текст: ['пок']
INFO:root:Вероятности интентов: [0.02882146 0.03660961 0.1137334  0.04600562 0.02421824 0.75061167]
INFO:root:Вероятности субинтентов {'HELLO': 0.0, 'BYE': 0.125, 'THANKS': 0.125, 'INFO': 0.0, 'NAME': 0.0, 'HOWRU': 0.0, 'WHATNEW': 0.0, 'ADDRESS': 0.0, 'COMISSION_ADDRESS': 0.0, 'TIME': 0.0, 'CONTACTS': 0.0, 'PARENTS': 0.0}
INFO:root:Cубинтент Пока-пока!
INFO:root:Ответ: Пока-пока!
INFO:werkzeug:127.0.0.1 - - [08/Feb/2019 21:21:23] "[37mGET /get?msg=%D0%BF%D0%BE%D0%BA%D0%B0 HTTP/1.1[0m" 200 -
